mode: atomic
github.com/martinsuchenak/devicemanager/internal/api/handlers.go:21.45,23.2 1 13
github.com/martinsuchenak/devicemanager/internal/api/handlers.go:26.54,33.2 6 1
github.com/martinsuchenak/devicemanager/internal/api/handlers.go:36.71,41.16 4 2
github.com/martinsuchenak/devicemanager/internal/api/handlers.go:41.16,44.3 2 0
github.com/martinsuchenak/devicemanager/internal/api/handlers.go:46.2,46.40 1 2
github.com/martinsuchenak/devicemanager/internal/api/handlers.go:50.69,52.14 2 3
github.com/martinsuchenak/devicemanager/internal/api/handlers.go:52.14,55.3 2 0
github.com/martinsuchenak/devicemanager/internal/api/handlers.go:57.2,58.16 2 3
github.com/martinsuchenak/devicemanager/internal/api/handlers.go:58.16,59.48 1 1
github.com/martinsuchenak/devicemanager/internal/api/handlers.go:59.48,62.4 2 1
github.com/martinsuchenak/devicemanager/internal/api/handlers.go:63.3,64.9 2 0
github.com/martinsuchenak/devicemanager/internal/api/handlers.go:67.2,67.39 1 2
github.com/martinsuchenak/devicemanager/internal/api/handlers.go:71.72,73.64 2 4
github.com/martinsuchenak/devicemanager/internal/api/handlers.go:73.64,76.3 2 1
github.com/martinsuchenak/devicemanager/internal/api/handlers.go:79.2,79.23 1 3
github.com/martinsuchenak/devicemanager/internal/api/handlers.go:79.23,82.3 2 1
github.com/martinsuchenak/devicemanager/internal/api/handlers.go:85.2,85.21 1 2
github.com/martinsuchenak/devicemanager/internal/api/handlers.go:85.21,87.3 1 2
github.com/martinsuchenak/devicemanager/internal/api/handlers.go:90.2,94.56 4 2
github.com/martinsuchenak/devicemanager/internal/api/handlers.go:94.56,95.34 1 0
github.com/martinsuchenak/devicemanager/internal/api/handlers.go:95.34,98.4 2 0
github.com/martinsuchenak/devicemanager/internal/api/handlers.go:99.3,99.54 1 0
github.com/martinsuchenak/devicemanager/internal/api/handlers.go:99.54,102.4 2 0
github.com/martinsuchenak/devicemanager/internal/api/handlers.go:103.3,104.9 2 0
github.com/martinsuchenak/devicemanager/internal/api/handlers.go:107.2,107.44 1 2
github.com/martinsuchenak/devicemanager/internal/api/handlers.go:111.72,113.14 2 2
github.com/martinsuchenak/devicemanager/internal/api/handlers.go:113.14,116.3 2 0
github.com/martinsuchenak/devicemanager/internal/api/handlers.go:118.2,119.64 2 2
github.com/martinsuchenak/devicemanager/internal/api/handlers.go:119.64,122.3 2 0
github.com/martinsuchenak/devicemanager/internal/api/handlers.go:125.2,128.56 3 2
github.com/martinsuchenak/devicemanager/internal/api/handlers.go:128.56,129.48 1 0
github.com/martinsuchenak/devicemanager/internal/api/handlers.go:129.48,132.4 2 0
github.com/martinsuchenak/devicemanager/internal/api/handlers.go:133.3,134.9 2 0
github.com/martinsuchenak/devicemanager/internal/api/handlers.go:137.2,137.39 1 2
github.com/martinsuchenak/devicemanager/internal/api/handlers.go:141.72,143.14 2 3
github.com/martinsuchenak/devicemanager/internal/api/handlers.go:143.14,146.3 2 0
github.com/martinsuchenak/devicemanager/internal/api/handlers.go:148.2,148.51 1 3
github.com/martinsuchenak/devicemanager/internal/api/handlers.go:148.51,149.48 1 1
github.com/martinsuchenak/devicemanager/internal/api/handlers.go:149.48,152.4 2 1
github.com/martinsuchenak/devicemanager/internal/api/handlers.go:153.3,154.9 2 0
github.com/martinsuchenak/devicemanager/internal/api/handlers.go:157.2,157.37 1 2
github.com/martinsuchenak/devicemanager/internal/api/handlers.go:161.73,163.17 2 3
github.com/martinsuchenak/devicemanager/internal/api/handlers.go:163.17,166.3 2 1
github.com/martinsuchenak/devicemanager/internal/api/handlers.go:168.2,169.16 2 2
github.com/martinsuchenak/devicemanager/internal/api/handlers.go:169.16,172.3 2 0
github.com/martinsuchenak/devicemanager/internal/api/handlers.go:174.2,174.40 1 2
github.com/martinsuchenak/devicemanager/internal/api/handlers.go:178.82,182.2 3 10
github.com/martinsuchenak/devicemanager/internal/api/handlers.go:185.81,189.2 3 5
github.com/martinsuchenak/devicemanager/internal/api/handlers.go:192.37,195.2 1 2
github.com/martinsuchenak/devicemanager/internal/api/handlers.go:204.83,209.2 1 0
github.com/martinsuchenak/devicemanager/internal/api/handlers.go:211.79,214.2 2 0
github.com/martinsuchenak/devicemanager/internal/storage/encode.go:11.52,15.2 3 26
github.com/martinsuchenak/devicemanager/internal/storage/encode.go:18.52,21.2 2 1
github.com/martinsuchenak/devicemanager/internal/storage/encode.go:24.52,27.2 2 2
github.com/martinsuchenak/devicemanager/internal/storage/encode.go:30.52,33.2 2 1
github.com/martinsuchenak/devicemanager/internal/storage/storage.go:39.67,40.42 1 20
github.com/martinsuchenak/devicemanager/internal/storage/storage.go:40.42,42.3 1 1
github.com/martinsuchenak/devicemanager/internal/storage/storage.go:45.2,45.51 1 20
github.com/martinsuchenak/devicemanager/internal/storage/storage.go:45.51,47.3 1 0
github.com/martinsuchenak/devicemanager/internal/storage/storage.go:49.2,57.37 2 20
github.com/martinsuchenak/devicemanager/internal/storage/storage.go:57.37,59.3 1 0
github.com/martinsuchenak/devicemanager/internal/storage/storage.go:61.2,61.16 1 20
github.com/martinsuchenak/devicemanager/internal/storage/storage.go:65.88,71.36 4 6
github.com/martinsuchenak/devicemanager/internal/storage/storage.go:71.36,72.39 1 22
github.com/martinsuchenak/devicemanager/internal/storage/storage.go:72.39,74.4 1 17
github.com/martinsuchenak/devicemanager/internal/storage/storage.go:77.2,77.21 1 6
github.com/martinsuchenak/devicemanager/internal/storage/storage.go:81.68,86.38 3 10
github.com/martinsuchenak/devicemanager/internal/storage/storage.go:86.38,89.3 2 7
github.com/martinsuchenak/devicemanager/internal/storage/storage.go:92.2,92.74 1 3
github.com/martinsuchenak/devicemanager/internal/storage/storage.go:92.74,93.46 1 1
github.com/martinsuchenak/devicemanager/internal/storage/storage.go:93.46,96.4 2 1
github.com/martinsuchenak/devicemanager/internal/storage/storage.go:99.2,99.31 1 2
github.com/martinsuchenak/devicemanager/internal/storage/storage.go:103.65,107.21 3 28
github.com/martinsuchenak/devicemanager/internal/storage/storage.go:107.21,109.3 1 1
github.com/martinsuchenak/devicemanager/internal/storage/storage.go:111.2,111.48 1 27
github.com/martinsuchenak/devicemanager/internal/storage/storage.go:111.48,113.3 1 1
github.com/martinsuchenak/devicemanager/internal/storage/storage.go:116.2,119.30 3 26
github.com/martinsuchenak/devicemanager/internal/storage/storage.go:123.65,127.21 3 2
github.com/martinsuchenak/devicemanager/internal/storage/storage.go:127.21,129.3 1 0
github.com/martinsuchenak/devicemanager/internal/storage/storage.go:131.2,131.49 1 2
github.com/martinsuchenak/devicemanager/internal/storage/storage.go:131.49,133.3 1 0
github.com/martinsuchenak/devicemanager/internal/storage/storage.go:136.2,137.35 2 2
github.com/martinsuchenak/devicemanager/internal/storage/storage.go:137.35,140.3 2 0
github.com/martinsuchenak/devicemanager/internal/storage/storage.go:143.2,146.30 3 2
github.com/martinsuchenak/devicemanager/internal/storage/storage.go:150.54,155.9 4 1
github.com/martinsuchenak/devicemanager/internal/storage/storage.go:155.9,157.3 1 0
github.com/martinsuchenak/devicemanager/internal/storage/storage.go:159.2,164.28 4 1
github.com/martinsuchenak/devicemanager/internal/storage/storage.go:168.76,175.36 5 12
github.com/martinsuchenak/devicemanager/internal/storage/storage.go:175.36,176.38 1 33
github.com/martinsuchenak/devicemanager/internal/storage/storage.go:176.38,178.4 1 15
github.com/martinsuchenak/devicemanager/internal/storage/storage.go:181.2,181.21 1 12
github.com/martinsuchenak/devicemanager/internal/storage/storage.go:185.93,186.44 1 22
github.com/martinsuchenak/devicemanager/internal/storage/storage.go:186.44,188.3 1 13
github.com/martinsuchenak/devicemanager/internal/storage/storage.go:191.2,191.40 1 9
github.com/martinsuchenak/devicemanager/internal/storage/storage.go:191.40,192.41 1 11
github.com/martinsuchenak/devicemanager/internal/storage/storage.go:192.41,193.47 1 16
github.com/martinsuchenak/devicemanager/internal/storage/storage.go:193.47,195.5 1 4
github.com/martinsuchenak/devicemanager/internal/storage/storage.go:199.2,199.14 1 5
github.com/martinsuchenak/devicemanager/internal/storage/storage.go:203.79,204.17 1 33
github.com/martinsuchenak/devicemanager/internal/storage/storage.go:204.17,206.3 1 0
github.com/martinsuchenak/devicemanager/internal/storage/storage.go:209.2,209.59 1 33
github.com/martinsuchenak/devicemanager/internal/storage/storage.go:209.59,211.3 1 6
github.com/martinsuchenak/devicemanager/internal/storage/storage.go:214.2,214.66 1 27
github.com/martinsuchenak/devicemanager/internal/storage/storage.go:214.66,216.3 1 0
github.com/martinsuchenak/devicemanager/internal/storage/storage.go:219.2,219.64 1 27
github.com/martinsuchenak/devicemanager/internal/storage/storage.go:219.64,221.3 1 1
github.com/martinsuchenak/devicemanager/internal/storage/storage.go:224.2,224.57 1 26
github.com/martinsuchenak/devicemanager/internal/storage/storage.go:224.57,226.3 1 1
github.com/martinsuchenak/devicemanager/internal/storage/storage.go:229.2,229.63 1 25
github.com/martinsuchenak/devicemanager/internal/storage/storage.go:229.63,231.3 1 2
github.com/martinsuchenak/devicemanager/internal/storage/storage.go:234.2,234.40 1 23
github.com/martinsuchenak/devicemanager/internal/storage/storage.go:234.40,235.39 1 23
github.com/martinsuchenak/devicemanager/internal/storage/storage.go:235.39,237.4 1 2
github.com/martinsuchenak/devicemanager/internal/storage/storage.go:241.2,241.40 1 21
github.com/martinsuchenak/devicemanager/internal/storage/storage.go:241.40,242.55 1 10
github.com/martinsuchenak/devicemanager/internal/storage/storage.go:242.55,244.4 1 2
github.com/martinsuchenak/devicemanager/internal/storage/storage.go:248.2,248.34 1 19
github.com/martinsuchenak/devicemanager/internal/storage/storage.go:248.34,249.52 1 27
github.com/martinsuchenak/devicemanager/internal/storage/storage.go:249.52,251.4 1 1
github.com/martinsuchenak/devicemanager/internal/storage/storage.go:254.2,254.14 1 18
github.com/martinsuchenak/devicemanager/internal/storage/storage.go:258.53,261.2 2 33
github.com/martinsuchenak/devicemanager/internal/storage/storage.go:264.63,266.2 1 28
github.com/martinsuchenak/devicemanager/internal/storage/storage.go:269.40,271.16 2 20
github.com/martinsuchenak/devicemanager/internal/storage/storage.go:271.16,272.25 1 0
github.com/martinsuchenak/devicemanager/internal/storage/storage.go:272.25,274.4 1 0
github.com/martinsuchenak/devicemanager/internal/storage/storage.go:275.3,275.13 1 0
github.com/martinsuchenak/devicemanager/internal/storage/storage.go:278.2,278.32 1 20
github.com/martinsuchenak/devicemanager/internal/storage/storage.go:278.32,279.20 1 2
github.com/martinsuchenak/devicemanager/internal/storage/storage.go:279.20,280.12 1 0
github.com/martinsuchenak/devicemanager/internal/storage/storage.go:283.3,284.44 2 2
github.com/martinsuchenak/devicemanager/internal/storage/storage.go:284.44,285.12 1 0
github.com/martinsuchenak/devicemanager/internal/storage/storage.go:288.3,289.86 2 2
github.com/martinsuchenak/devicemanager/internal/storage/storage.go:289.86,291.4 1 0
github.com/martinsuchenak/devicemanager/internal/storage/storage.go:293.3,294.54 2 2
github.com/martinsuchenak/devicemanager/internal/storage/storage.go:297.2,297.12 1 20
github.com/martinsuchenak/devicemanager/internal/storage/storage.go:301.70,305.62 2 28
github.com/martinsuchenak/devicemanager/internal/storage/storage.go:305.62,307.3 1 0
github.com/martinsuchenak/devicemanager/internal/storage/storage.go:310.2,312.16 3 28
github.com/martinsuchenak/devicemanager/internal/storage/storage.go:312.16,314.3 1 0
github.com/martinsuchenak/devicemanager/internal/storage/storage.go:315.2,317.19 2 28
github.com/martinsuchenak/devicemanager/internal/storage/storage.go:318.14,319.29 1 26
github.com/martinsuchenak/devicemanager/internal/storage/storage.go:320.14,321.29 1 2
github.com/martinsuchenak/devicemanager/internal/storage/storage.go:322.10,323.50 1 0
github.com/martinsuchenak/devicemanager/internal/storage/storage.go:326.2,326.16 1 28
github.com/martinsuchenak/devicemanager/internal/storage/storage.go:326.16,329.3 2 0
github.com/martinsuchenak/devicemanager/internal/storage/storage.go:332.2,332.33 1 28
github.com/martinsuchenak/devicemanager/internal/storage/storage.go:336.70,338.16 2 2
github.com/martinsuchenak/devicemanager/internal/storage/storage.go:338.16,340.3 1 0
github.com/martinsuchenak/devicemanager/internal/storage/storage.go:341.2,343.19 2 2
github.com/martinsuchenak/devicemanager/internal/storage/storage.go:344.14,345.30 1 1
github.com/martinsuchenak/devicemanager/internal/storage/storage.go:346.14,347.30 1 1
github.com/martinsuchenak/devicemanager/internal/storage/storage.go:348.10,349.50 1 0
